[2018-03-15 09:55:21,601] - ShowHandlers.py [Line:28] - [ERROR]-[thread:140540699993856]-[process:32285] - []
[2018-03-15 11:19:48,940] - ShowHandlers.py [Line:28] - [ERROR]-[thread:140308813682432]-[process:32594] - []
[2018-03-15 11:19:52,651] - ShowHandlers.py [Line:28] - [ERROR]-[thread:140308260058880]-[process:32594] - []
[2018-03-15 15:39:43,600] - ShowHandlers.py [Line:28] - [ERROR]-[thread:140308855645952]-[process:32596] - []
[2018-03-15 15:40:04,347] - ShowHandlers.py [Line:28] - [ERROR]-[thread:140308822075136]-[process:32596] - []
[2018-03-16 10:09:38,383] - ShowHandlers.py [Line:28] - [ERROR]-[thread:140309072324352]-[process:32593] - []
[2018-03-16 13:12:11,249] - ShowHandlers.py [Line:28] - [ERROR]-[thread:140308855645952]-[process:32594] - []
[2018-03-16 13:20:38,755] - ShowHandlers.py [Line:28] - [ERROR]-[thread:140308822075136]-[process:32594] - []
[2018-03-16 13:44:06,633] - ShowHandlers.py [Line:28] - [ERROR]-[thread:140308864038656]-[process:32594] - []
[2018-03-16 14:47:11,702] - ShowHandlers.py [Line:28] - [ERROR]-[thread:140308855645952]-[process:32596] - []
[2018-03-16 14:51:27,747] - ShowHandlers.py [Line:28] - [ERROR]-[thread:140308855645952]-[process:32593] - []
[2018-03-16 14:53:46,750] - ShowHandlers.py [Line:28] - [ERROR]-[thread:140308260058880]-[process:32594] - []
[2018-03-16 14:54:09,805] - ShowHandlers.py [Line:28] - [ERROR]-[thread:140308847253248]-[process:32594] - []
[2018-03-16 14:54:50,157] - ShowHandlers.py [Line:28] - [ERROR]-[thread:140308822075136]-[process:32596] - []
[2018-03-16 14:54:57,528] - ShowHandlers.py [Line:28] - [ERROR]-[thread:140308838860544]-[process:32594] - []
[2018-03-16 14:57:44,742] - ShowHandlers.py [Line:28] - [ERROR]-[thread:140308946138880]-[process:32594] - []
[2018-03-16 14:57:45,144] - ShowHandlers.py [Line:28] - [ERROR]-[thread:140308830467840]-[process:32594] - []
[2018-03-16 14:58:28,502] - ShowHandlers.py [Line:28] - [ERROR]-[thread:140308813682432]-[process:32594] - []
[2018-03-16 15:11:12,199] - ShowHandlers.py [Line:28] - [ERROR]-[thread:140308838860544]-[process:32594] - []
[2018-03-16 15:44:33,821] - ShowHandlers.py [Line:28] - [ERROR]-[thread:140308813682432]-[process:32596] - []
[2018-03-19 13:13:23,183] - ShowHandlers.py [Line:28] - [ERROR]-[thread:139729714542336]-[process:20182] - []
[2018-03-19 16:18:20,995] - ShowHandlers.py [Line:28] - [ERROR]-[thread:139729909716736]-[process:20182] - []
[2018-03-21 15:51:07,238] - ShowHandlers.py [Line:28] - [ERROR]-[thread:140368857790208]-[process:7684] - []
[2018-03-21 16:13:09,307] - ShowHandlers.py [Line:28] - [ERROR]-[thread:140368849397504]-[process:7684] - []
[2018-03-21 16:13:15,210] - ShowHandlers.py [Line:28] - [ERROR]-[thread:140369052116736]-[process:7684] - []
[2018-03-21 16:13:31,990] - ShowHandlers.py [Line:28] - [ERROR]-[thread:140368815564544]-[process:7684] - []
[2018-03-21 16:14:15,371] - ShowHandlers.py [Line:28] - [ERROR]-[thread:140368807171840]-[process:7684] - []
[2018-03-21 16:32:23,197] - AddHandlers.py [Line:39] - [ERROR]-[thread:140368322492160]-[process:7684] - [No field named 'PImgPathName' in <Schema: ['CoreIdea', 'CreateTime', 'CycleSpan', 'CycleType', 'EditTime', 'EditUserID', 'EndTime', 'FundsSource', 'PSerialNumber', 'ProjectApply', 'ProjectCurrency', 'ProjectID', 'ProjectLevel', 'ProjectMechanism', 'ProjectName', 'ProjectOrgan', 'ProjectPublic', 'ProjectQuota', 'ProjectSource', 'ProjectStatus', 'ProjectSubject', 'ProjectSummary', 'ProjectType', 'StartTime', 'SubjectField', 'TeamIntroduction', 'UserID']>]
[2018-03-21 17:04:36,267] - AddHandlers.py [Line:39] - [ERROR]-[thread:140368849397504]-[process:7684] - [No field named 'PImgPathName' in <Schema: ['CoreIdea', 'CreateTime', 'CycleSpan', 'CycleType', 'EditTime', 'EditUserID', 'EndTime', 'FundsSource', 'PSerialNumber', 'ProjectApply', 'ProjectCurrency', 'ProjectID', 'ProjectLevel', 'ProjectMechanism', 'ProjectName', 'ProjectOrgan', 'ProjectPublic', 'ProjectQuota', 'ProjectSource', 'ProjectStatus', 'ProjectSubject', 'ProjectSummary', 'ProjectType', 'StartTime', 'SubjectField', 'TeamIntroduction', 'UserID']>]
[2018-03-21 17:13:32,057] - ShowHandlers.py [Line:28] - [ERROR]-[thread:140368857790208]-[process:7686] - []
[2018-03-21 17:14:05,759] - AddHandlers.py [Line:39] - [ERROR]-[thread:140368823957248]-[process:7684] - [No field named 'PImgPathName' in <Schema: ['CoreIdea', 'CreateTime', 'CycleSpan', 'CycleType', 'EditTime', 'EditUserID', 'EndTime', 'FundsSource', 'PSerialNumber', 'ProjectApply', 'ProjectCurrency', 'ProjectID', 'ProjectLevel', 'ProjectMechanism', 'ProjectName', 'ProjectOrgan', 'ProjectPublic', 'ProjectQuota', 'ProjectSource', 'ProjectStatus', 'ProjectSubject', 'ProjectSummary', 'ProjectType', 'StartTime', 'SubjectField', 'TeamIntroduction', 'UserID']>]
[2018-03-21 17:25:56,090] - AddHandlers.py [Line:39] - [ERROR]-[thread:140369052116736]-[process:7684] - [No field named 'PImgPathName' in <Schema: ['CoreIdea', 'CreateTime', 'CycleSpan', 'CycleType', 'EditTime', 'EditUserID', 'EndTime', 'FundsSource', 'PSerialNumber', 'ProjectApply', 'ProjectCurrency', 'ProjectID', 'ProjectLevel', 'ProjectMechanism', 'ProjectName', 'ProjectOrgan', 'ProjectPublic', 'ProjectQuota', 'ProjectSource', 'ProjectStatus', 'ProjectSubject', 'ProjectSummary', 'ProjectType', 'StartTime', 'SubjectField', 'TeamIntroduction', 'UserID']>]
[2018-03-21 17:27:03,054] - AddHandlers.py [Line:39] - [ERROR]-[thread:140368840742656]-[process:7684] - [No field named 'PImgPathName' in <Schema: ['CoreIdea', 'CreateTime', 'CycleSpan', 'CycleType', 'EditTime', 'EditUserID', 'EndTime', 'FundsSource', 'PSerialNumber', 'ProjectApply', 'ProjectCurrency', 'ProjectID', 'ProjectLevel', 'ProjectMechanism', 'ProjectName', 'ProjectOrgan', 'ProjectPublic', 'ProjectQuota', 'ProjectSource', 'ProjectStatus', 'ProjectSubject', 'ProjectSummary', 'ProjectType', 'StartTime', 'SubjectField', 'TeamIntroduction', 'UserID']>]
[2018-03-21 17:29:16,919] - AddHandlers.py [Line:39] - [ERROR]-[thread:140368815564544]-[process:7684] - [No field named 'PImgPathName' in <Schema: ['CoreIdea', 'CreateTime', 'CycleSpan', 'CycleType', 'EditTime', 'EditUserID', 'EndTime', 'FundsSource', 'PSerialNumber', 'ProjectApply', 'ProjectCurrency', 'ProjectID', 'ProjectLevel', 'ProjectMechanism', 'ProjectName', 'ProjectOrgan', 'ProjectPublic', 'ProjectQuota', 'ProjectSource', 'ProjectStatus', 'ProjectSubject', 'ProjectSummary', 'ProjectType', 'StartTime', 'SubjectField', 'TeamIntroduction', 'UserID']>]
[2018-03-21 17:38:46,104] - AddHandlers.py [Line:39] - [ERROR]-[thread:140368857790208]-[process:7684] - [No field named 'PImgPathName' in <Schema: ['CoreIdea', 'CreateTime', 'CycleSpan', 'CycleType', 'EditTime', 'EditUserID', 'EndTime', 'FundsSource', 'PSerialNumber', 'ProjectApply', 'ProjectCurrency', 'ProjectID', 'ProjectLevel', 'ProjectMechanism', 'ProjectName', 'ProjectOrgan', 'ProjectPublic', 'ProjectQuota', 'ProjectSource', 'ProjectStatus', 'ProjectSubject', 'ProjectSummary', 'ProjectType', 'StartTime', 'SubjectField', 'TeamIntroduction', 'UserID']>]
[2018-03-21 17:46:14,157] - ShowHandlers.py [Line:28] - [ERROR]-[thread:140369032419072]-[process:7685] - []
[2018-03-21 18:09:39,188] - ShowHandlers.py [Line:28] - [ERROR]-[thread:140368849397504]-[process:7684] - []
[2018-03-21 18:22:32,156] - ShowHandlers.py [Line:28] - [ERROR]-[thread:140369052116736]-[process:7685] - []
[2018-03-21 18:22:55,632] - ShowHandlers.py [Line:28] - [ERROR]-[thread:140368969623296]-[process:7685] - []
[2018-03-21 18:28:22,604] - ShowHandlers.py [Line:28] - [ERROR]-[thread:140368823957248]-[process:7684] - []
[2018-03-21 18:29:38,901] - ShowHandlers.py [Line:28] - [ERROR]-[thread:140369052116736]-[process:7684] - []
[2018-03-21 18:58:50,276] - ShowHandlers.py [Line:28] - [ERROR]-[thread:140368314099456]-[process:7684] - []
[2018-03-21 19:06:03,239] - ShowHandlers.py [Line:28] - [ERROR]-[thread:140368823957248]-[process:7684] - []
[2018-03-22 09:14:34,242] - ShowHandlers.py [Line:28] - [ERROR]-[thread:140369052116736]-[process:7684] - []
[2018-03-22 09:15:08,301] - ShowHandlers.py [Line:28] - [ERROR]-[thread:140368840742656]-[process:7684] - []
[2018-03-22 09:15:14,433] - ShowHandlers.py [Line:28] - [ERROR]-[thread:140368815564544]-[process:7684] - []
[2018-03-22 09:36:44,720] - ShowHandlers.py [Line:28] - [ERROR]-[thread:140369024026368]-[process:7685] - []
[2018-03-22 09:43:22,249] - ShowHandlers.py [Line:28] - [ERROR]-[thread:140369052116736]-[process:7681] - []
[2018-03-22 09:46:50,406] - ShowHandlers.py [Line:28] - [ERROR]-[thread:140369052116736]-[process:7681] - []
[2018-03-22 09:48:35,264] - ShowHandlers.py [Line:28] - [ERROR]-[thread:140369043461888]-[process:7681] - []
[2018-03-22 09:49:15,395] - ShowHandlers.py [Line:28] - [ERROR]-[thread:140369052116736]-[process:7681] - []
[2018-03-22 09:54:13,907] - ShowHandlers.py [Line:28] - [ERROR]-[thread:140368971814656]-[process:7681] - []
[2018-03-22 09:58:22,736] - ShowHandlers.py [Line:28] - [ERROR]-[thread:140369043461888]-[process:7681] - []
[2018-03-22 09:59:32,441] - ShowHandlers.py [Line:28] - [ERROR]-[thread:140368955029248]-[process:7681] - []
[2018-03-22 09:59:34,386] - ShowHandlers.py [Line:28] - [ERROR]-[thread:140369026676480]-[process:7681] - []
[2018-03-22 09:59:35,477] - ShowHandlers.py [Line:28] - [ERROR]-[thread:140369035069184]-[process:7681] - []
[2018-03-22 10:00:16,850] - ShowHandlers.py [Line:28] - [ERROR]-[thread:140368971814656]-[process:7681] - []
[2018-03-22 11:48:31,810] - AddHandlers.py [Line:39] - [ERROR]-[thread:140368841004800]-[process:7686] - [No field named 'QuesSourceDepartment' in <Schema: ['CreateTime', 'CreateUserID', 'DataCoverageTime', 'DataTeam', 'MinimumGeographicUnit', 'ProjectID', 'QSerialNumber', 'QuesDataChannel', 'QuesDataForm', 'QuesDataTown', 'QuesEndTime', 'QuesID', 'QuesKeywords', 'QuesObject', 'QuesPublic', 'QuesStartTime', 'QuesStatus', 'QuesSummary', 'QuesTitle', 'ResponseSituation', 'SamplePlan', 'WeightDescription', 'observationUnit', 'scaleScale']>]
[2018-03-22 11:49:32,983] - AddHandlers.py [Line:39] - [ERROR]-[thread:140368322492160]-[process:7684] - [No field named 'QuesSourceDepartment' in <Schema: ['CreateTime', 'CreateUserID', 'DataCoverageTime', 'DataTeam', 'MinimumGeographicUnit', 'ProjectID', 'QSerialNumber', 'QuesDataChannel', 'QuesDataForm', 'QuesDataTown', 'QuesEndTime', 'QuesID', 'QuesKeywords', 'QuesObject', 'QuesPublic', 'QuesStartTime', 'QuesStatus', 'QuesSummary', 'QuesTitle', 'ResponseSituation', 'SamplePlan', 'WeightDescription', 'observationUnit', 'scaleScale']>]
[2018-03-23 13:23:26,605] - AddHandlers.py [Line:39] - [ERROR]-[thread:140368288921344]-[process:7686] - [No field named 'QuesSourceDepartment' in <Schema: ['CreateTime', 'CreateUserID', 'DataCoverageTime', 'DataTeam', 'MinimumGeographicUnit', 'ProjectID', 'QSerialNumber', 'QuesDataChannel', 'QuesDataForm', 'QuesDataTown', 'QuesEndTime', 'QuesID', 'QuesKeywords', 'QuesObject', 'QuesPublic', 'QuesStartTime', 'QuesStatus', 'QuesSummary', 'QuesTitle', 'ResponseSituation', 'SamplePlan', 'WeightDescription', 'observationUnit', 'scaleScale']>]
[2018-03-23 13:53:59,752] - AddHandlers.py [Line:39] - [ERROR]-[thread:140368840742656]-[process:7684] - [No field named 'QuesSourceDepartment' in <Schema: ['CreateTime', 'CreateUserID', 'DataCoverageTime', 'DataTeam', 'MinimumGeographicUnit', 'ProjectID', 'QSerialNumber', 'QuesDataChannel', 'QuesDataForm', 'QuesDataTown', 'QuesEndTime', 'QuesID', 'QuesKeywords', 'QuesObject', 'QuesPublic', 'QuesStartTime', 'QuesStatus', 'QuesSummary', 'QuesTitle', 'ResponseSituation', 'SamplePlan', 'WeightDescription', 'observationUnit', 'scaleScale']>]
[2018-03-23 13:54:43,554] - AddHandlers.py [Line:39] - [ERROR]-[thread:140368815564544]-[process:7684] - [No field named 'QuesSourceDepartment' in <Schema: ['CreateTime', 'CreateUserID', 'DataCoverageTime', 'DataTeam', 'MinimumGeographicUnit', 'ProjectID', 'QSerialNumber', 'QuesDataChannel', 'QuesDataForm', 'QuesDataTown', 'QuesEndTime', 'QuesID', 'QuesKeywords', 'QuesObject', 'QuesPublic', 'QuesStartTime', 'QuesStatus', 'QuesSummary', 'QuesTitle', 'ResponseSituation', 'SamplePlan', 'WeightDescription', 'observationUnit', 'scaleScale']>]
[2018-03-24 14:35:19,567] - AddHandlers.py [Line:39] - [ERROR]-[thread:140368322492160]-[process:7686] - [No field named 'QuesSourceDepartment' in <Schema: ['CreateTime', 'CreateUserID', 'DataCoverageTime', 'DataTeam', 'MinimumGeographicUnit', 'ProjectID', 'QSerialNumber', 'QuesDataChannel', 'QuesDataForm', 'QuesDataTown', 'QuesEndTime', 'QuesID', 'QuesKeywords', 'QuesObject', 'QuesPublic', 'QuesStartTime', 'QuesStatus', 'QuesSummary', 'QuesTitle', 'ResponseSituation', 'SamplePlan', 'WeightDescription', 'observationUnit', 'scaleScale']>]
[2018-03-24 14:35:34,325] - AddHandlers.py [Line:39] - [ERROR]-[thread:140369052116736]-[process:7684] - [No field named 'QuesSourceDepartment' in <Schema: ['CreateTime', 'CreateUserID', 'DataCoverageTime', 'DataTeam', 'MinimumGeographicUnit', 'ProjectID', 'QSerialNumber', 'QuesDataChannel', 'QuesDataForm', 'QuesDataTown', 'QuesEndTime', 'QuesID', 'QuesKeywords', 'QuesObject', 'QuesPublic', 'QuesStartTime', 'QuesStatus', 'QuesSummary', 'QuesTitle', 'ResponseSituation', 'SamplePlan', 'WeightDescription', 'observationUnit', 'scaleScale']>]
[2018-03-24 14:36:05,771] - AddHandlers.py [Line:39] - [ERROR]-[thread:140368840742656]-[process:7684] - [No field named 'QuesSourceDepartment' in <Schema: ['CreateTime', 'CreateUserID', 'DataCoverageTime', 'DataTeam', 'MinimumGeographicUnit', 'ProjectID', 'QSerialNumber', 'QuesDataChannel', 'QuesDataForm', 'QuesDataTown', 'QuesEndTime', 'QuesID', 'QuesKeywords', 'QuesObject', 'QuesPublic', 'QuesStartTime', 'QuesStatus', 'QuesSummary', 'QuesTitle', 'ResponseSituation', 'SamplePlan', 'WeightDescription', 'observationUnit', 'scaleScale']>]
[2018-03-24 14:36:32,866] - AddHandlers.py [Line:39] - [ERROR]-[thread:140368815564544]-[process:7684] - [No field named 'QuesSourceDepartment' in <Schema: ['CreateTime', 'CreateUserID', 'DataCoverageTime', 'DataTeam', 'MinimumGeographicUnit', 'ProjectID', 'QSerialNumber', 'QuesDataChannel', 'QuesDataForm', 'QuesDataTown', 'QuesEndTime', 'QuesID', 'QuesKeywords', 'QuesObject', 'QuesPublic', 'QuesStartTime', 'QuesStatus', 'QuesSummary', 'QuesTitle', 'ResponseSituation', 'SamplePlan', 'WeightDescription', 'observationUnit', 'scaleScale']>]
[2018-03-26 10:09:46,126] - AddHandlers.py [Line:39] - [ERROR]-[thread:140368815564544]-[process:7684] - [No field named 'QuesSourceDepartment' in <Schema: ['CreateTime', 'CreateUserID', 'DataCoverageTime', 'DataTeam', 'MinimumGeographicUnit', 'ProjectID', 'QSerialNumber', 'QuesDataChannel', 'QuesDataForm', 'QuesDataTown', 'QuesEndTime', 'QuesID', 'QuesKeywords', 'QuesObject', 'QuesPublic', 'QuesStartTime', 'QuesStatus', 'QuesSummary', 'QuesTitle', 'ResponseSituation', 'SamplePlan', 'WeightDescription', 'observationUnit', 'scaleScale']>]
[2018-03-26 10:11:54,589] - UpdateHandlers.py [Line:33] - [ERROR]-[thread:140368807171840]-[process:7684] - [No field named 'QuesSourceDepartment' in <Schema: ['CreateTime', 'CreateUserID', 'DataCoverageTime', 'DataTeam', 'MinimumGeographicUnit', 'ProjectID', 'QSerialNumber', 'QuesDataChannel', 'QuesDataForm', 'QuesDataTown', 'QuesEndTime', 'QuesID', 'QuesKeywords', 'QuesObject', 'QuesPublic', 'QuesStartTime', 'QuesStatus', 'QuesSummary', 'QuesTitle', 'ResponseSituation', 'SamplePlan', 'WeightDescription', 'observationUnit', 'scaleScale']>]
[2018-03-26 10:11:54,599] - UpdateHandlers.py [Line:33] - [ERROR]-[thread:140368288921344]-[process:7686] - [No field named 'QuesSourceDepartment' in <Schema: ['CreateTime', 'CreateUserID', 'DataCoverageTime', 'DataTeam', 'MinimumGeographicUnit', 'ProjectID', 'QSerialNumber', 'QuesDataChannel', 'QuesDataForm', 'QuesDataTown', 'QuesEndTime', 'QuesID', 'QuesKeywords', 'QuesObject', 'QuesPublic', 'QuesStartTime', 'QuesStatus', 'QuesSummary', 'QuesTitle', 'ResponseSituation', 'SamplePlan', 'WeightDescription', 'observationUnit', 'scaleScale']>]
[2018-03-26 10:12:55,594] - AddHandlers.py [Line:39] - [ERROR]-[thread:140369032419072]-[process:7685] - [No field named 'QuesSourceDepartment' in <Schema: ['CreateTime', 'CreateUserID', 'DataCoverageTime', 'DataTeam', 'MinimumGeographicUnit', 'ProjectID', 'QSerialNumber', 'QuesDataChannel', 'QuesDataForm', 'QuesDataTown', 'QuesEndTime', 'QuesID', 'QuesKeywords', 'QuesObject', 'QuesPublic', 'QuesStartTime', 'QuesStatus', 'QuesSummary', 'QuesTitle', 'ResponseSituation', 'SamplePlan', 'WeightDescription', 'observationUnit', 'scaleScale']>]
[2018-03-26 10:43:08,300] - AddHandlers.py [Line:39] - [ERROR]-[thread:140368969623296]-[process:7685] - [No field named 'QuesSourceDepartment' in <Schema: ['CreateTime', 'CreateUserID', 'DataCoverageTime', 'DataTeam', 'MinimumGeographicUnit', 'ProjectID', 'QSerialNumber', 'QuesDataChannel', 'QuesDataForm', 'QuesDataTown', 'QuesEndTime', 'QuesID', 'QuesKeywords', 'QuesObject', 'QuesPublic', 'QuesStartTime', 'QuesStatus', 'QuesSummary', 'QuesTitle', 'ResponseSituation', 'SamplePlan', 'WeightDescription', 'observationUnit', 'scaleScale']>]
[2018-03-26 14:54:57,046] - AddHandlers.py [Line:39] - [ERROR]-[thread:140368849397504]-[process:7684] - [No field named 'QuesSourceDepartment' in <Schema: ['CreateTime', 'CreateUserID', 'DataCoverageTime', 'DataTeam', 'MinimumGeographicUnit', 'ProjectID', 'QSerialNumber', 'QuesDataChannel', 'QuesDataForm', 'QuesDataTown', 'QuesEndTime', 'QuesID', 'QuesKeywords', 'QuesObject', 'QuesPublic', 'QuesStartTime', 'QuesStatus', 'QuesSummary', 'QuesTitle', 'ResponseSituation', 'SamplePlan', 'WeightDescription', 'observationUnit', 'scaleScale']>]
[2018-03-26 14:57:04,840] - AddHandlers.py [Line:39] - [ERROR]-[thread:140369052116736]-[process:7684] - [No field named 'QuesSourceDepartment' in <Schema: ['CreateTime', 'CreateUserID', 'DataCoverageTime', 'DataTeam', 'MinimumGeographicUnit', 'ProjectID', 'QSerialNumber', 'QuesDataChannel', 'QuesDataForm', 'QuesDataTown', 'QuesEndTime', 'QuesID', 'QuesKeywords', 'QuesObject', 'QuesPublic', 'QuesStartTime', 'QuesStatus', 'QuesSummary', 'QuesTitle', 'ResponseSituation', 'SamplePlan', 'WeightDescription', 'observationUnit', 'scaleScale']>]
[2018-03-26 15:11:52,295] - AddHandlers.py [Line:39] - [ERROR]-[thread:140368807171840]-[process:7684] - [No field named 'QuesSourceDepartment' in <Schema: ['CreateTime', 'CreateUserID', 'DataCoverageTime', 'DataTeam', 'MinimumGeographicUnit', 'ProjectID', 'QSerialNumber', 'QuesDataChannel', 'QuesDataForm', 'QuesDataTown', 'QuesEndTime', 'QuesID', 'QuesKeywords', 'QuesObject', 'QuesPublic', 'QuesStartTime', 'QuesStatus', 'QuesSummary', 'QuesTitle', 'ResponseSituation', 'SamplePlan', 'WeightDescription', 'observationUnit', 'scaleScale']>]
[2018-03-26 15:15:11,918] - AddHandlers.py [Line:39] - [ERROR]-[thread:140368322492160]-[process:7684] - [No field named 'QuesSourceDepartment' in <Schema: ['CreateTime', 'CreateUserID', 'DataCoverageTime', 'DataTeam', 'MinimumGeographicUnit', 'ProjectID', 'QSerialNumber', 'QuesDataChannel', 'QuesDataForm', 'QuesDataTown', 'QuesEndTime', 'QuesID', 'QuesKeywords', 'QuesObject', 'QuesPublic', 'QuesStartTime', 'QuesStatus', 'QuesSummary', 'QuesTitle', 'ResponseSituation', 'SamplePlan', 'WeightDescription', 'observationUnit', 'scaleScale']>]
[2018-03-26 15:28:11,146] - UpdateHandlers.py [Line:33] - [ERROR]-[thread:140369052116736]-[process:7686] - [No field named 'QuesSourceDepartment' in <Schema: ['CreateTime', 'CreateUserID', 'DataCoverageTime', 'DataTeam', 'MinimumGeographicUnit', 'ProjectID', 'QSerialNumber', 'QuesDataChannel', 'QuesDataForm', 'QuesDataTown', 'QuesEndTime', 'QuesID', 'QuesKeywords', 'QuesObject', 'QuesPublic', 'QuesStartTime', 'QuesStatus', 'QuesSummary', 'QuesTitle', 'ResponseSituation', 'SamplePlan', 'WeightDescription', 'observationUnit', 'scaleScale']>]
[2018-03-26 15:30:01,904] - AddHandlers.py [Line:39] - [ERROR]-[thread:140368849397504]-[process:7684] - [No field named 'QuesSourceDepartment' in <Schema: ['CreateTime', 'CreateUserID', 'DataCoverageTime', 'DataTeam', 'MinimumGeographicUnit', 'ProjectID', 'QSerialNumber', 'QuesDataChannel', 'QuesDataForm', 'QuesDataTown', 'QuesEndTime', 'QuesID', 'QuesKeywords', 'QuesObject', 'QuesPublic', 'QuesStartTime', 'QuesStatus', 'QuesSummary', 'QuesTitle', 'ResponseSituation', 'SamplePlan', 'WeightDescription', 'observationUnit', 'scaleScale']>]
[2018-03-26 15:31:21,509] - AddHandlers.py [Line:39] - [ERROR]-[thread:140368305706752]-[process:7686] - [No field named 'QuesSourceDepartment' in <Schema: ['CreateTime', 'CreateUserID', 'DataCoverageTime', 'DataTeam', 'MinimumGeographicUnit', 'ProjectID', 'QSerialNumber', 'QuesDataChannel', 'QuesDataForm', 'QuesDataTown', 'QuesEndTime', 'QuesID', 'QuesKeywords', 'QuesObject', 'QuesPublic', 'QuesStartTime', 'QuesStatus', 'QuesSummary', 'QuesTitle', 'ResponseSituation', 'SamplePlan', 'WeightDescription', 'observationUnit', 'scaleScale']>]
[2018-03-26 16:30:08,542] - AddHandlers.py [Line:39] - [ERROR]-[thread:140368840742656]-[process:7684] - [No field named 'QuesSourceDepartment' in <Schema: ['CreateTime', 'CreateUserID', 'DataCoverageTime', 'DataTeam', 'MinimumGeographicUnit', 'ProjectID', 'QSerialNumber', 'QuesDataChannel', 'QuesDataForm', 'QuesDataTown', 'QuesEndTime', 'QuesID', 'QuesKeywords', 'QuesObject', 'QuesPublic', 'QuesStartTime', 'QuesStatus', 'QuesSummary', 'QuesTitle', 'ResponseSituation', 'SamplePlan', 'WeightDescription', 'observationUnit', 'scaleScale']>]
[2018-03-26 16:30:41,062] - AddHandlers.py [Line:39] - [ERROR]-[thread:140368243050240]-[process:7685] - [No field named 'QuesSourceDepartment' in <Schema: ['CreateTime', 'CreateUserID', 'DataCoverageTime', 'DataTeam', 'MinimumGeographicUnit', 'ProjectID', 'QSerialNumber', 'QuesDataChannel', 'QuesDataForm', 'QuesDataTown', 'QuesEndTime', 'QuesID', 'QuesKeywords', 'QuesObject', 'QuesPublic', 'QuesStartTime', 'QuesStatus', 'QuesSummary', 'QuesTitle', 'ResponseSituation', 'SamplePlan', 'WeightDescription', 'observationUnit', 'scaleScale']>]
[2018-03-26 16:31:15,776] - AddHandlers.py [Line:39] - [ERROR]-[thread:140368699975424]-[process:7682] - [No field named 'QuesSourceDepartment' in <Schema: ['CreateTime', 'CreateUserID', 'DataCoverageTime', 'DataTeam', 'MinimumGeographicUnit', 'ProjectID', 'QSerialNumber', 'QuesDataChannel', 'QuesDataForm', 'QuesDataTown', 'QuesEndTime', 'QuesID', 'QuesKeywords', 'QuesObject', 'QuesPublic', 'QuesStartTime', 'QuesStatus', 'QuesSummary', 'QuesTitle', 'ResponseSituation', 'SamplePlan', 'WeightDescription', 'observationUnit', 'scaleScale']>]
[2018-03-26 16:44:22,902] - AddHandlers.py [Line:39] - [ERROR]-[thread:140368857790208]-[process:7684] - [No field named 'QuesSourceDepartment' in <Schema: ['CreateTime', 'CreateUserID', 'DataCoverageTime', 'DataTeam', 'MinimumGeographicUnit', 'ProjectID', 'QSerialNumber', 'QuesDataChannel', 'QuesDataForm', 'QuesDataTown', 'QuesEndTime', 'QuesID', 'QuesKeywords', 'QuesObject', 'QuesPublic', 'QuesStartTime', 'QuesStatus', 'QuesSummary', 'QuesTitle', 'ResponseSituation', 'SamplePlan', 'WeightDescription', 'observationUnit', 'scaleScale']>]
[2018-03-26 16:52:50,001] - AddHandlers.py [Line:39] - [ERROR]-[thread:140368322492160]-[process:7684] - [No field named 'QuesSourceDepartment' in <Schema: ['CreateTime', 'CreateUserID', 'DataCoverageTime', 'DataTeam', 'MinimumGeographicUnit', 'ProjectID', 'QSerialNumber', 'QuesDataChannel', 'QuesDataForm', 'QuesDataTown', 'QuesEndTime', 'QuesID', 'QuesKeywords', 'QuesObject', 'QuesPublic', 'QuesStartTime', 'QuesStatus', 'QuesSummary', 'QuesTitle', 'ResponseSituation', 'SamplePlan', 'WeightDescription', 'observationUnit', 'scaleScale']>]
[2018-03-26 16:53:59,172] - AddHandlers.py [Line:39] - [ERROR]-[thread:140368314099456]-[process:7684] - [No field named 'QuesSourceDepartment' in <Schema: ['CreateTime', 'CreateUserID', 'DataCoverageTime', 'DataTeam', 'MinimumGeographicUnit', 'ProjectID', 'QSerialNumber', 'QuesDataChannel', 'QuesDataForm', 'QuesDataTown', 'QuesEndTime', 'QuesID', 'QuesKeywords', 'QuesObject', 'QuesPublic', 'QuesStartTime', 'QuesStatus', 'QuesSummary', 'QuesTitle', 'ResponseSituation', 'SamplePlan', 'WeightDescription', 'observationUnit', 'scaleScale']>]
[2018-03-26 16:59:12,108] - ShowHandlers.py [Line:28] - [ERROR]-[thread:140368849397504]-[process:7684] - []
[2018-03-26 16:59:44,626] - ShowHandlers.py [Line:28] - [ERROR]-[thread:140369052116736]-[process:7684] - []
[2018-03-26 17:02:30,931] - ShowHandlers.py [Line:28] - [ERROR]-[thread:140368815564544]-[process:7684] - []
[2018-03-26 17:03:00,963] - ShowHandlers.py [Line:28] - [ERROR]-[thread:140368832349952]-[process:7684] - []
[2018-03-26 17:04:00,837] - ShowHandlers.py [Line:28] - [ERROR]-[thread:140368314099456]-[process:7684] - []
[2018-03-26 17:04:01,486] - ShowHandlers.py [Line:28] - [ERROR]-[thread:140368849397504]-[process:7684] - []
[2018-03-26 17:04:10,314] - ShowHandlers.py [Line:28] - [ERROR]-[thread:140368961230592]-[process:7685] - []
[2018-03-26 17:04:16,888] - ShowHandlers.py [Line:28] - [ERROR]-[thread:140369024026368]-[process:7685] - []
[2018-03-26 17:04:42,815] - ShowHandlers.py [Line:28] - [ERROR]-[thread:140369052116736]-[process:7685] - []
[2018-03-26 17:04:43,083] - ShowHandlers.py [Line:28] - [ERROR]-[thread:140368936052480]-[process:7685] - []
[2018-03-26 17:04:50,892] - ShowHandlers.py [Line:28] - [ERROR]-[thread:140369052116736]-[process:7684] - []
[2018-03-26 17:04:56,516] - ShowHandlers.py [Line:28] - [ERROR]-[thread:140368840742656]-[process:7684] - []
[2018-03-26 17:08:13,194] - ShowHandlers.py [Line:28] - [ERROR]-[thread:140368857790208]-[process:7684] - []
[2018-03-26 17:10:03,992] - ShowHandlers.py [Line:28] - [ERROR]-[thread:140368832349952]-[process:7684] - []
[2018-03-26 17:10:40,127] - ShowHandlers.py [Line:28] - [ERROR]-[thread:140368314099456]-[process:7684] - []
[2018-03-26 17:11:28,195] - ShowHandlers.py [Line:28] - [ERROR]-[thread:140368823957248]-[process:7684] - []
[2018-03-26 17:11:28,649] - ShowHandlers.py [Line:28] - [ERROR]-[thread:140369052116736]-[process:7684] - []
[2018-03-26 17:11:59,361] - ShowHandlers.py [Line:28] - [ERROR]-[thread:140368857790208]-[process:7684] - []
[2018-03-26 17:12:19,802] - ShowHandlers.py [Line:28] - [ERROR]-[thread:140368832349952]-[process:7684] - []
[2018-03-26 17:15:31,594] - ShowHandlers.py [Line:28] - [ERROR]-[thread:140368314099456]-[process:7684] - []
[2018-03-26 17:16:32,843] - ShowHandlers.py [Line:28] - [ERROR]-[thread:140368823957248]-[process:7684] - []
[2018-03-26 17:17:24,334] - ShowHandlers.py [Line:28] - [ERROR]-[thread:140368840742656]-[process:7684] - []
[2018-03-26 17:18:49,461] - ShowHandlers.py [Line:28] - [ERROR]-[thread:140368857790208]-[process:7684] - []
[2018-03-26 17:18:49,971] - ShowHandlers.py [Line:28] - [ERROR]-[thread:140368807171840]-[process:7684] - []
[2018-03-26 17:19:44,210] - ShowHandlers.py [Line:28] - [ERROR]-[thread:140368322492160]-[process:7684] - []
[2018-03-26 17:20:43,582] - ShowHandlers.py [Line:28] - [ERROR]-[thread:140368849397504]-[process:7684] - []
[2018-03-26 17:20:43,833] - ShowHandlers.py [Line:28] - [ERROR]-[thread:140368823957248]-[process:7684] - []
[2018-03-26 17:21:56,658] - ShowHandlers.py [Line:28] - [ERROR]-[thread:140368840742656]-[process:7684] - []
[2018-03-26 17:22:21,243] - ShowHandlers.py [Line:28] - [ERROR]-[thread:140368857790208]-[process:7684] - []
[2018-03-26 17:22:48,630] - ShowHandlers.py [Line:28] - [ERROR]-[thread:140368832349952]-[process:7684] - []
[2018-03-26 17:23:26,210] - ShowHandlers.py [Line:28] - [ERROR]-[thread:140368314099456]-[process:7684] - []
[2018-03-26 17:24:07,153] - ShowHandlers.py [Line:28] - [ERROR]-[thread:140368823957248]-[process:7684] - []
[2018-03-26 17:24:29,238] - ShowHandlers.py [Line:28] - [ERROR]-[thread:140368840742656]-[process:7684] - []
[2018-03-26 17:26:07,583] - ShowHandlers.py [Line:28] - [ERROR]-[thread:140368857790208]-[process:7684] - []
[2018-03-26 17:30:07,790] - ShowHandlers.py [Line:28] - [ERROR]-[thread:140368832349952]-[process:7684] - []
[2018-03-26 17:30:36,816] - UpdateHandlers.py [Line:33] - [ERROR]-[thread:140368314099456]-[process:7684] - [No field named 'QuesSourceDepartment' in <Schema: ['CreateTime', 'CreateUserID', 'DataCoverageTime', 'DataTeam', 'MinimumGeographicUnit', 'ProjectID', 'QSerialNumber', 'QuesDataChannel', 'QuesDataForm', 'QuesDataTown', 'QuesEndTime', 'QuesID', 'QuesKeywords', 'QuesObject', 'QuesPublic', 'QuesStartTime', 'QuesStatus', 'QuesSummary', 'QuesTitle', 'ResponseSituation', 'SamplePlan', 'WeightDescription', 'observationUnit', 'scaleScale']>]
[2018-03-26 17:30:51,622] - ShowHandlers.py [Line:28] - [ERROR]-[thread:140368849397504]-[process:7684] - []
[2018-03-26 17:31:52,037] - ShowHandlers.py [Line:28] - [ERROR]-[thread:140369052116736]-[process:7684] - []
[2018-03-26 17:36:26,094] - ShowHandlers.py [Line:28] - [ERROR]-[thread:140368840742656]-[process:7684] - []
[2018-03-26 17:36:51,977] - ShowHandlers.py [Line:28] - [ERROR]-[thread:140368857790208]-[process:7684] - []
[2018-03-26 17:36:57,004] - ShowHandlers.py [Line:28] - [ERROR]-[thread:140368807171840]-[process:7684] - []
[2018-03-26 17:38:35,287] - ShowHandlers.py [Line:28] - [ERROR]-[thread:140368849397504]-[process:7684] - []
[2018-03-26 17:38:46,979] - ShowHandlers.py [Line:28] - [ERROR]-[thread:140369052116736]-[process:7684] - []
[2018-03-26 17:39:06,116] - ShowHandlers.py [Line:28] - [ERROR]-[thread:140368857790208]-[process:7684] - []
[2018-03-26 17:39:13,115] - ShowHandlers.py [Line:28] - [ERROR]-[thread:140368832349952]-[process:7684] - []
[2018-03-26 17:39:40,814] - ShowHandlers.py [Line:28] - [ERROR]-[thread:140368322492160]-[process:7684] - []
[2018-03-26 17:40:10,059] - ShowHandlers.py [Line:28] - [ERROR]-[thread:140368849397504]-[process:7684] - []
[2018-03-26 17:41:58,289] - ShowHandlers.py [Line:28] - [ERROR]-[thread:140369052116736]-[process:7684] - []
[2018-03-26 17:42:59,396] - ShowHandlers.py [Line:28] - [ERROR]-[thread:140192361531136]-[process:5046] - []
[2018-03-26 17:44:27,785] - ShowHandlers.py [Line:28] - [ERROR]-[thread:140192248784640]-[process:5046] - []
[2018-03-26 17:47:50,377] - ShowHandlers.py [Line:28] - [ERROR]-[thread:140521420998400]-[process:5183] - []
[2018-03-26 17:47:57,027] - ShowHandlers.py [Line:28] - [ERROR]-[thread:140521412343552]-[process:5183] - [invalid literal for int() with base 10: '']
[2018-03-26 17:48:03,335] - ShowHandlers.py [Line:28] - [ERROR]-[thread:140521215932160]-[process:5183] - []
[2018-03-26 17:48:05,646] - ShowHandlers.py [Line:28] - [ERROR]-[thread:140521207539456]-[process:5183] - [invalid literal for int() with base 10: '']
[2018-03-26 17:49:05,441] - ShowHandlers.py [Line:28] - [ERROR]-[thread:139677248259840]-[process:5265] - []
[2018-03-26 17:49:08,999] - ShowHandlers.py [Line:28] - [ERROR]-[thread:139677239604992]-[process:5265] - [invalid literal for int() with base 10: '']
[2018-03-26 17:50:00,315] - ShowHandlers.py [Line:28] - [ERROR]-[thread:139677248259840]-[process:5266] - [invalid literal for int() with base 10: '']
[2018-03-26 17:51:15,419] - ShowHandlers.py [Line:28] - [ERROR]-[thread:139677110335232]-[process:5265] - []
[2018-03-26 17:51:29,839] - ShowHandlers.py [Line:28] - [ERROR]-[thread:139676899866368]-[process:5265] - []
[2018-03-26 17:51:32,397] - ShowHandlers.py [Line:28] - [ERROR]-[thread:139676891473664]-[process:5265] - []
[2018-03-26 17:51:37,327] - ShowHandlers.py [Line:28] - [ERROR]-[thread:139677110335232]-[process:5265] - []
[2018-03-27 09:35:52,226] - UpdateHandlers.py [Line:33] - [ERROR]-[thread:140133384922880]-[process:5745] - [No field named 'QuesSampleID' in <Schema: ['CreateTime', 'CreateUserID', 'DataCoverageTime', 'DataTeam', 'MinimumGeographicUnit', 'ProjectID', 'QSerialNumber', 'QuesDataChannel', 'QuesDataForm', 'QuesDataTown', 'QuesEndTime', 'QuesID', 'QuesKeywords', 'QuesObject', 'QuesPublic', 'QuesSourceDepartment', 'QuesSourceLink', 'QuesStartTime', 'QuesStatus', 'QuesSummary', 'QuesTitle', 'ResponseSituation', 'SamplePlan', 'WeightDescription', 'observationUnit', 'scaleScale']>]
[2018-03-27 10:16:58,124] - UpdateHandlers.py [Line:33] - [ERROR]-[thread:140133489022720]-[process:5745] - [No field named 'QuesSampleID' in <Schema: ['CreateTime', 'CreateUserID', 'DataCoverageTime', 'DataTeam', 'MinimumGeographicUnit', 'ProjectID', 'QSerialNumber', 'QuesDataChannel', 'QuesDataForm', 'QuesDataTown', 'QuesEndTime', 'QuesID', 'QuesKeywords', 'QuesObject', 'QuesPublic', 'QuesSourceDepartment', 'QuesSourceLink', 'QuesStartTime', 'QuesStatus', 'QuesSummary', 'QuesTitle', 'ResponseSituation', 'SamplePlan', 'WeightDescription', 'observationUnit', 'scaleScale']>]
[2018-03-27 10:16:59,954] - UpdateHandlers.py [Line:33] - [ERROR]-[thread:140132837488384]-[process:5745] - [No field named 'QuesSampleID' in <Schema: ['CreateTime', 'CreateUserID', 'DataCoverageTime', 'DataTeam', 'MinimumGeographicUnit', 'ProjectID', 'QSerialNumber', 'QuesDataChannel', 'QuesDataForm', 'QuesDataTown', 'QuesEndTime', 'QuesID', 'QuesKeywords', 'QuesObject', 'QuesPublic', 'QuesSourceDepartment', 'QuesSourceLink', 'QuesStartTime', 'QuesStatus', 'QuesSummary', 'QuesTitle', 'ResponseSituation', 'SamplePlan', 'WeightDescription', 'observationUnit', 'scaleScale']>]
[2018-03-27 10:17:02,254] - UpdateHandlers.py [Line:33] - [ERROR]-[thread:140132829095680]-[process:5745] - [No field named 'QuesSampleID' in <Schema: ['CreateTime', 'CreateUserID', 'DataCoverageTime', 'DataTeam', 'MinimumGeographicUnit', 'ProjectID', 'QSerialNumber', 'QuesDataChannel', 'QuesDataForm', 'QuesDataTown', 'QuesEndTime', 'QuesID', 'QuesKeywords', 'QuesObject', 'QuesPublic', 'QuesSourceDepartment', 'QuesSourceLink', 'QuesStartTime', 'QuesStatus', 'QuesSummary', 'QuesTitle', 'ResponseSituation', 'SamplePlan', 'WeightDescription', 'observationUnit', 'scaleScale']>]
[2018-03-27 10:17:03,907] - UpdateHandlers.py [Line:33] - [ERROR]-[thread:140133497677568]-[process:5745] - [No field named 'QuesSampleID' in <Schema: ['CreateTime', 'CreateUserID', 'DataCoverageTime', 'DataTeam', 'MinimumGeographicUnit', 'ProjectID', 'QSerialNumber', 'QuesDataChannel', 'QuesDataForm', 'QuesDataTown', 'QuesEndTime', 'QuesID', 'QuesKeywords', 'QuesObject', 'QuesPublic', 'QuesSourceDepartment', 'QuesSourceLink', 'QuesStartTime', 'QuesStatus', 'QuesSummary', 'QuesTitle', 'ResponseSituation', 'SamplePlan', 'WeightDescription', 'observationUnit', 'scaleScale']>]
[2018-03-27 10:17:07,143] - UpdateHandlers.py [Line:33] - [ERROR]-[thread:140133273687808]-[process:5745] - [No field named 'QuesSampleID' in <Schema: ['CreateTime', 'CreateUserID', 'DataCoverageTime', 'DataTeam', 'MinimumGeographicUnit', 'ProjectID', 'QSerialNumber', 'QuesDataChannel', 'QuesDataForm', 'QuesDataTown', 'QuesEndTime', 'QuesID', 'QuesKeywords', 'QuesObject', 'QuesPublic', 'QuesSourceDepartment', 'QuesSourceLink', 'QuesStartTime', 'QuesStatus', 'QuesSummary', 'QuesTitle', 'ResponseSituation', 'SamplePlan', 'WeightDescription', 'observationUnit', 'scaleScale']>]
[2018-03-27 10:32:35,111] - AddHandlers.py [Line:39] - [ERROR]-[thread:140133384922880]-[process:5745] - [No field named 'QuesSampleID' in <Schema: ['CreateTime', 'CreateUserID', 'DataCoverageTime', 'DataTeam', 'MinimumGeographicUnit', 'ProjectID', 'QSerialNumber', 'QuesDataChannel', 'QuesDataForm', 'QuesDataTown', 'QuesEndTime', 'QuesID', 'QuesKeywords', 'QuesObject', 'QuesPublic', 'QuesSourceDepartment', 'QuesSourceLink', 'QuesStartTime', 'QuesStatus', 'QuesSummary', 'QuesTitle', 'ResponseSituation', 'SamplePlan', 'WeightDescription', 'observationUnit', 'scaleScale']>]
[2018-03-27 10:33:55,642] - AddHandlers.py [Line:39] - [ERROR]-[thread:140133282080512]-[process:5745] - [No field named 'QuesSampleID' in <Schema: ['CreateTime', 'CreateUserID', 'DataCoverageTime', 'DataTeam', 'MinimumGeographicUnit', 'ProjectID', 'QSerialNumber', 'QuesDataChannel', 'QuesDataForm', 'QuesDataTown', 'QuesEndTime', 'QuesID', 'QuesKeywords', 'QuesObject', 'QuesPublic', 'QuesSourceDepartment', 'QuesSourceLink', 'QuesStartTime', 'QuesStatus', 'QuesSummary', 'QuesTitle', 'ResponseSituation', 'SamplePlan', 'WeightDescription', 'observationUnit', 'scaleScale']>]
[2018-03-27 10:34:15,626] - AddHandlers.py [Line:39] - [ERROR]-[thread:140133489284864]-[process:5744] - [No field named 'QuesSampleID' in <Schema: ['CreateTime', 'CreateUserID', 'DataCoverageTime', 'DataTeam', 'MinimumGeographicUnit', 'ProjectID', 'QSerialNumber', 'QuesDataChannel', 'QuesDataForm', 'QuesDataTown', 'QuesEndTime', 'QuesID', 'QuesKeywords', 'QuesObject', 'QuesPublic', 'QuesSourceDepartment', 'QuesSourceLink', 'QuesStartTime', 'QuesStatus', 'QuesSummary', 'QuesTitle', 'ResponseSituation', 'SamplePlan', 'WeightDescription', 'observationUnit', 'scaleScale']>]
[2018-03-27 10:34:36,072] - AddHandlers.py [Line:39] - [ERROR]-[thread:140133489022720]-[process:5745] - [No field named 'QuesSampleID' in <Schema: ['CreateTime', 'CreateUserID', 'DataCoverageTime', 'DataTeam', 'MinimumGeographicUnit', 'ProjectID', 'QSerialNumber', 'QuesDataChannel', 'QuesDataForm', 'QuesDataTown', 'QuesEndTime', 'QuesID', 'QuesKeywords', 'QuesObject', 'QuesPublic', 'QuesSourceDepartment', 'QuesSourceLink', 'QuesStartTime', 'QuesStatus', 'QuesSummary', 'QuesTitle', 'ResponseSituation', 'SamplePlan', 'WeightDescription', 'observationUnit', 'scaleScale']>]
[2018-03-27 10:41:20,307] - AddHandlers.py [Line:39] - [ERROR]-[thread:140132837488384]-[process:5745] - [No field named 'QuesSampleID' in <Schema: ['CreateTime', 'CreateUserID', 'DataCoverageTime', 'DataTeam', 'MinimumGeographicUnit', 'ProjectID', 'QSerialNumber', 'QuesDataChannel', 'QuesDataForm', 'QuesDataTown', 'QuesEndTime', 'QuesID', 'QuesKeywords', 'QuesObject', 'QuesPublic', 'QuesSourceDepartment', 'QuesSourceLink', 'QuesStartTime', 'QuesStatus', 'QuesSummary', 'QuesTitle', 'ResponseSituation', 'SamplePlan', 'WeightDescription', 'observationUnit', 'scaleScale']>]
[2018-03-27 10:42:59,285] - UpdateHandlers.py [Line:33] - [ERROR]-[thread:140133497677568]-[process:5745] - [No field named 'QuesSampleID' in <Schema: ['CreateTime', 'CreateUserID', 'DataCoverageTime', 'DataTeam', 'MinimumGeographicUnit', 'ProjectID', 'QSerialNumber', 'QuesDataChannel', 'QuesDataForm', 'QuesDataTown', 'QuesEndTime', 'QuesID', 'QuesKeywords', 'QuesObject', 'QuesPublic', 'QuesSourceDepartment', 'QuesSourceLink', 'QuesStartTime', 'QuesStatus', 'QuesSummary', 'QuesTitle', 'ResponseSituation', 'SamplePlan', 'WeightDescription', 'observationUnit', 'scaleScale']>]
[2018-03-27 10:43:01,010] - UpdateHandlers.py [Line:33] - [ERROR]-[thread:140133400590080]-[process:5744] - [No field named 'QuesSampleID' in <Schema: ['CreateTime', 'CreateUserID', 'DataCoverageTime', 'DataTeam', 'MinimumGeographicUnit', 'ProjectID', 'QSerialNumber', 'QuesDataChannel', 'QuesDataForm', 'QuesDataTown', 'QuesEndTime', 'QuesID', 'QuesKeywords', 'QuesObject', 'QuesPublic', 'QuesSourceDepartment', 'QuesSourceLink', 'QuesStartTime', 'QuesStatus', 'QuesSummary', 'QuesTitle', 'ResponseSituation', 'SamplePlan', 'WeightDescription', 'observationUnit', 'scaleScale']>]
[2018-03-27 10:43:02,495] - UpdateHandlers.py [Line:33] - [ERROR]-[thread:140133273687808]-[process:5745] - [No field named 'QuesSampleID' in <Schema: ['CreateTime', 'CreateUserID', 'DataCoverageTime', 'DataTeam', 'MinimumGeographicUnit', 'ProjectID', 'QSerialNumber', 'QuesDataChannel', 'QuesDataForm', 'QuesDataTown', 'QuesEndTime', 'QuesID', 'QuesKeywords', 'QuesObject', 'QuesPublic', 'QuesSourceDepartment', 'QuesSourceLink', 'QuesStartTime', 'QuesStatus', 'QuesSummary', 'QuesTitle', 'ResponseSituation', 'SamplePlan', 'WeightDescription', 'observationUnit', 'scaleScale']>]
[2018-03-27 10:43:03,897] - UpdateHandlers.py [Line:33] - [ERROR]-[thread:140132820702976]-[process:5745] - [No field named 'QuesSampleID' in <Schema: ['CreateTime', 'CreateUserID', 'DataCoverageTime', 'DataTeam', 'MinimumGeographicUnit', 'ProjectID', 'QSerialNumber', 'QuesDataChannel', 'QuesDataForm', 'QuesDataTown', 'QuesEndTime', 'QuesID', 'QuesKeywords', 'QuesObject', 'QuesPublic', 'QuesSourceDepartment', 'QuesSourceLink', 'QuesStartTime', 'QuesStatus', 'QuesSummary', 'QuesTitle', 'ResponseSituation', 'SamplePlan', 'WeightDescription', 'observationUnit', 'scaleScale']>]
[2018-03-27 10:43:19,975] - AddHandlers.py [Line:39] - [ERROR]-[thread:140133256902400]-[process:5743] - [No field named 'QuesSampleID' in <Schema: ['CreateTime', 'CreateUserID', 'DataCoverageTime', 'DataTeam', 'MinimumGeographicUnit', 'ProjectID', 'QSerialNumber', 'QuesDataChannel', 'QuesDataForm', 'QuesDataTown', 'QuesEndTime', 'QuesID', 'QuesKeywords', 'QuesObject', 'QuesPublic', 'QuesSourceDepartment', 'QuesSourceLink', 'QuesStartTime', 'QuesStatus', 'QuesSummary', 'QuesTitle', 'ResponseSituation', 'SamplePlan', 'WeightDescription', 'observationUnit', 'scaleScale']>]
[2018-03-27 11:00:06,808] - AddHandlers.py [Line:39] - [ERROR]-[thread:140133265295104]-[process:5745] - [No field named 'QuesSampleID' in <Schema: ['CreateTime', 'CreateUserID', 'DataCoverageTime', 'DataTeam', 'MinimumGeographicUnit', 'ProjectID', 'QSerialNumber', 'QuesDataChannel', 'QuesDataForm', 'QuesDataTown', 'QuesEndTime', 'QuesID', 'QuesKeywords', 'QuesObject', 'QuesPublic', 'QuesSourceDepartment', 'QuesSourceLink', 'QuesStartTime', 'QuesStatus', 'QuesSummary', 'QuesTitle', 'ResponseSituation', 'SamplePlan', 'WeightDescription', 'observationUnit', 'scaleScale']>]
[2018-03-27 11:12:41,967] - AddHandlers.py [Line:39] - [ERROR]-[thread:140133256902400]-[process:5745] - [No field named 'QuesSampleID' in <Schema: ['CreateTime', 'CreateUserID', 'DataCoverageTime', 'DataTeam', 'MinimumGeographicUnit', 'ProjectID', 'QSerialNumber', 'QuesDataChannel', 'QuesDataForm', 'QuesDataTown', 'QuesEndTime', 'QuesID', 'QuesKeywords', 'QuesObject', 'QuesPublic', 'QuesSourceDepartment', 'QuesSourceLink', 'QuesStartTime', 'QuesStatus', 'QuesSummary', 'QuesTitle', 'ResponseSituation', 'SamplePlan', 'WeightDescription', 'observationUnit', 'scaleScale']>]
[2018-03-27 11:19:28,087] - AddHandlers.py [Line:39] - [ERROR]-[thread:140133417375488]-[process:5744] - [No field named 'QuesSampleID' in <Schema: ['CreateTime', 'CreateUserID', 'DataCoverageTime', 'DataTeam', 'MinimumGeographicUnit', 'ProjectID', 'QSerialNumber', 'QuesDataChannel', 'QuesDataForm', 'QuesDataTown', 'QuesEndTime', 'QuesID', 'QuesKeywords', 'QuesObject', 'QuesPublic', 'QuesSourceDepartment', 'QuesSourceLink', 'QuesStartTime', 'QuesStatus', 'QuesSummary', 'QuesTitle', 'ResponseSituation', 'SamplePlan', 'WeightDescription', 'observationUnit', 'scaleScale']>]
[2018-03-27 11:39:58,543] - AddHandlers.py [Line:39] - [ERROR]-[thread:140133384922880]-[process:5745] - [No field named 'QuesSampleID' in <Schema: ['CreateTime', 'CreateUserID', 'DataCoverageTime', 'DataTeam', 'MinimumGeographicUnit', 'ProjectID', 'QSerialNumber', 'QuesDataChannel', 'QuesDataForm', 'QuesDataTown', 'QuesEndTime', 'QuesID', 'QuesKeywords', 'QuesObject', 'QuesPublic', 'QuesSourceDepartment', 'QuesSourceLink', 'QuesStartTime', 'QuesStatus', 'QuesSummary', 'QuesTitle', 'ResponseSituation', 'SamplePlan', 'WeightDescription', 'observationUnit', 'scaleScale']>]
[2018-03-27 11:40:58,767] - AddHandlers.py [Line:39] - [ERROR]-[thread:140133282080512]-[process:5745] - [No field named 'QuesSampleID' in <Schema: ['CreateTime', 'CreateUserID', 'DataCoverageTime', 'DataTeam', 'MinimumGeographicUnit', 'ProjectID', 'QSerialNumber', 'QuesDataChannel', 'QuesDataForm', 'QuesDataTown', 'QuesEndTime', 'QuesID', 'QuesKeywords', 'QuesObject', 'QuesPublic', 'QuesSourceDepartment', 'QuesSourceLink', 'QuesStartTime', 'QuesStatus', 'QuesSummary', 'QuesTitle', 'ResponseSituation', 'SamplePlan', 'WeightDescription', 'observationUnit', 'scaleScale']>]
[2018-03-27 11:41:19,281] - AddHandlers.py [Line:39] - [ERROR]-[thread:140133489022720]-[process:5745] - [No field named 'QuesSampleID' in <Schema: ['CreateTime', 'CreateUserID', 'DataCoverageTime', 'DataTeam', 'MinimumGeographicUnit', 'ProjectID', 'QSerialNumber', 'QuesDataChannel', 'QuesDataForm', 'QuesDataTown', 'QuesEndTime', 'QuesID', 'QuesKeywords', 'QuesObject', 'QuesPublic', 'QuesSourceDepartment', 'QuesSourceLink', 'QuesStartTime', 'QuesStatus', 'QuesSummary', 'QuesTitle', 'ResponseSituation', 'SamplePlan', 'WeightDescription', 'observationUnit', 'scaleScale']>]
[2018-03-27 11:41:46,632] - AddHandlers.py [Line:39] - [ERROR]-[thread:140132829095680]-[process:5745] - [No field named 'QuesSampleID' in <Schema: ['CreateTime', 'CreateUserID', 'DataCoverageTime', 'DataTeam', 'MinimumGeographicUnit', 'ProjectID', 'QSerialNumber', 'QuesDataChannel', 'QuesDataForm', 'QuesDataTown', 'QuesEndTime', 'QuesID', 'QuesKeywords', 'QuesObject', 'QuesPublic', 'QuesSourceDepartment', 'QuesSourceLink', 'QuesStartTime', 'QuesStatus', 'QuesSummary', 'QuesTitle', 'ResponseSituation', 'SamplePlan', 'WeightDescription', 'observationUnit', 'scaleScale']>]
[2018-03-27 11:42:30,261] - AddHandlers.py [Line:39] - [ERROR]-[thread:140133273687808]-[process:5745] - [No field named 'QuesSampleID' in <Schema: ['CreateTime', 'CreateUserID', 'DataCoverageTime', 'DataTeam', 'MinimumGeographicUnit', 'ProjectID', 'QSerialNumber', 'QuesDataChannel', 'QuesDataForm', 'QuesDataTown', 'QuesEndTime', 'QuesID', 'QuesKeywords', 'QuesObject', 'QuesPublic', 'QuesSourceDepartment', 'QuesSourceLink', 'QuesStartTime', 'QuesStatus', 'QuesSummary', 'QuesTitle', 'ResponseSituation', 'SamplePlan', 'WeightDescription', 'observationUnit', 'scaleScale']>]
[2018-03-27 11:52:55,753] - AddHandlers.py [Line:39] - [ERROR]-[thread:140132820702976]-[process:5745] - [No field named 'QuesSampleID' in <Schema: ['CreateTime', 'CreateUserID', 'DataCoverageTime', 'DataTeam', 'MinimumGeographicUnit', 'ProjectID', 'QSerialNumber', 'QuesDataChannel', 'QuesDataForm', 'QuesDataTown', 'QuesEndTime', 'QuesID', 'QuesKeywords', 'QuesObject', 'QuesPublic', 'QuesSourceDepartment', 'QuesSourceLink', 'QuesStartTime', 'QuesStatus', 'QuesSummary', 'QuesTitle', 'ResponseSituation', 'SamplePlan', 'WeightDescription', 'observationUnit', 'scaleScale']>]
[2018-03-27 13:15:20,536] - AddHandlers.py [Line:39] - [ERROR]-[thread:140133384922880]-[process:5745] - [No field named 'QuesSampleID' in <Schema: ['CreateTime', 'CreateUserID', 'DataCoverageTime', 'DataTeam', 'MinimumGeographicUnit', 'ProjectID', 'QSerialNumber', 'QuesDataChannel', 'QuesDataForm', 'QuesDataTown', 'QuesEndTime', 'QuesID', 'QuesKeywords', 'QuesObject', 'QuesPublic', 'QuesSourceDepartment', 'QuesSourceLink', 'QuesStartTime', 'QuesStatus', 'QuesSummary', 'QuesTitle', 'ResponseSituation', 'SamplePlan', 'WeightDescription', 'observationUnit', 'scaleScale']>]
[2018-03-27 13:15:51,455] - AddHandlers.py [Line:39] - [ERROR]-[thread:140133472237312]-[process:5744] - [No field named 'QuesSampleID' in <Schema: ['CreateTime', 'CreateUserID', 'DataCoverageTime', 'DataTeam', 'MinimumGeographicUnit', 'ProjectID', 'QSerialNumber', 'QuesDataChannel', 'QuesDataForm', 'QuesDataTown', 'QuesEndTime', 'QuesID', 'QuesKeywords', 'QuesObject', 'QuesPublic', 'QuesSourceDepartment', 'QuesSourceLink', 'QuesStartTime', 'QuesStatus', 'QuesSummary', 'QuesTitle', 'ResponseSituation', 'SamplePlan', 'WeightDescription', 'observationUnit', 'scaleScale']>]
[2018-03-27 13:20:55,528] - AddHandlers.py [Line:39] - [ERROR]-[thread:140133392197376]-[process:5744] - [No field named 'QuesSampleID' in <Schema: ['CreateTime', 'CreateUserID', 'DataCoverageTime', 'DataTeam', 'MinimumGeographicUnit', 'ProjectID', 'QSerialNumber', 'QuesDataChannel', 'QuesDataForm', 'QuesDataTown', 'QuesEndTime', 'QuesID', 'QuesKeywords', 'QuesObject', 'QuesPublic', 'QuesSourceDepartment', 'QuesSourceLink', 'QuesStartTime', 'QuesStatus', 'QuesSummary', 'QuesTitle', 'ResponseSituation', 'SamplePlan', 'WeightDescription', 'observationUnit', 'scaleScale']>]
[2018-03-27 13:24:14,915] - UpdateHandlers.py [Line:33] - [ERROR]-[thread:140133384918784]-[process:5743] - [No field named 'QuesSampleID' in <Schema: ['CreateTime', 'CreateUserID', 'DataCoverageTime', 'DataTeam', 'MinimumGeographicUnit', 'ProjectID', 'QSerialNumber', 'QuesDataChannel', 'QuesDataForm', 'QuesDataTown', 'QuesEndTime', 'QuesID', 'QuesKeywords', 'QuesObject', 'QuesPublic', 'QuesSourceDepartment', 'QuesSourceLink', 'QuesStartTime', 'QuesStatus', 'QuesSummary', 'QuesTitle', 'ResponseSituation', 'SamplePlan', 'WeightDescription', 'observationUnit', 'scaleScale']>]
[2018-03-27 13:24:26,131] - AddHandlers.py [Line:39] - [ERROR]-[thread:140133273687808]-[process:5745] - [No field named 'QuesSampleID' in <Schema: ['CreateTime', 'CreateUserID', 'DataCoverageTime', 'DataTeam', 'MinimumGeographicUnit', 'ProjectID', 'QSerialNumber', 'QuesDataChannel', 'QuesDataForm', 'QuesDataTown', 'QuesEndTime', 'QuesID', 'QuesKeywords', 'QuesObject', 'QuesPublic', 'QuesSourceDepartment', 'QuesSourceLink', 'QuesStartTime', 'QuesStatus', 'QuesSummary', 'QuesTitle', 'ResponseSituation', 'SamplePlan', 'WeightDescription', 'observationUnit', 'scaleScale']>]
[2018-03-27 13:28:46,622] - AddHandlers.py [Line:39] - [ERROR]-[thread:140133265295104]-[process:5745] - [No field named 'QuesSampleID' in <Schema: ['CreateTime', 'CreateUserID', 'DataCoverageTime', 'DataTeam', 'MinimumGeographicUnit', 'ProjectID', 'QSerialNumber', 'QuesDataChannel', 'QuesDataForm', 'QuesDataTown', 'QuesEndTime', 'QuesID', 'QuesKeywords', 'QuesObject', 'QuesPublic', 'QuesSourceDepartment', 'QuesSourceLink', 'QuesStartTime', 'QuesStatus', 'QuesSummary', 'QuesTitle', 'ResponseSituation', 'SamplePlan', 'WeightDescription', 'observationUnit', 'scaleScale']>]
[2018-03-27 13:30:00,885] - AddHandlers.py [Line:39] - [ERROR]-[thread:140133282080512]-[process:5745] - [No field named 'QuesSampleID' in <Schema: ['CreateTime', 'CreateUserID', 'DataCoverageTime', 'DataTeam', 'MinimumGeographicUnit', 'ProjectID', 'QSerialNumber', 'QuesDataChannel', 'QuesDataForm', 'QuesDataTown', 'QuesEndTime', 'QuesID', 'QuesKeywords', 'QuesObject', 'QuesPublic', 'QuesSourceDepartment', 'QuesSourceLink', 'QuesStartTime', 'QuesStatus', 'QuesSummary', 'QuesTitle', 'ResponseSituation', 'SamplePlan', 'WeightDescription', 'observationUnit', 'scaleScale']>]
[2018-03-27 13:51:47,230] - AddHandlers.py [Line:39] - [ERROR]-[thread:140133383804672]-[process:5744] - [No field named 'QuesSampleID' in <Schema: ['CreateTime', 'CreateUserID', 'DataCoverageTime', 'DataTeam', 'MinimumGeographicUnit', 'ProjectID', 'QSerialNumber', 'QuesDataChannel', 'QuesDataForm', 'QuesDataTown', 'QuesEndTime', 'QuesID', 'QuesKeywords', 'QuesObject', 'QuesPublic', 'QuesSourceDepartment', 'QuesSourceLink', 'QuesStartTime', 'QuesStatus', 'QuesSummary', 'QuesTitle', 'ResponseSituation', 'SamplePlan', 'WeightDescription', 'observationUnit', 'scaleScale']>]
[2018-03-27 13:52:09,764] - AddHandlers.py [Line:39] - [ERROR]-[thread:140132837488384]-[process:5745] - [No field named 'QuesSampleID' in <Schema: ['CreateTime', 'CreateUserID', 'DataCoverageTime', 'DataTeam', 'MinimumGeographicUnit', 'ProjectID', 'QSerialNumber', 'QuesDataChannel', 'QuesDataForm', 'QuesDataTown', 'QuesEndTime', 'QuesID', 'QuesKeywords', 'QuesObject', 'QuesPublic', 'QuesSourceDepartment', 'QuesSourceLink', 'QuesStartTime', 'QuesStatus', 'QuesSummary', 'QuesTitle', 'ResponseSituation', 'SamplePlan', 'WeightDescription', 'observationUnit', 'scaleScale']>]
[2018-03-27 13:53:09,164] - AddHandlers.py [Line:39] - [ERROR]-[thread:140133497677568]-[process:5742] - [No field named 'QuesSampleID' in <Schema: ['CreateTime', 'CreateUserID', 'DataCoverageTime', 'DataTeam', 'MinimumGeographicUnit', 'ProjectID', 'QSerialNumber', 'QuesDataChannel', 'QuesDataForm', 'QuesDataTown', 'QuesEndTime', 'QuesID', 'QuesKeywords', 'QuesObject', 'QuesPublic', 'QuesSourceDepartment', 'QuesSourceLink', 'QuesStartTime', 'QuesStatus', 'QuesSummary', 'QuesTitle', 'ResponseSituation', 'SamplePlan', 'WeightDescription', 'observationUnit', 'scaleScale']>]
[2018-03-27 14:17:05,116] - AddHandlers.py [Line:39] - [ERROR]-[thread:140133273687808]-[process:5745] - [No field named 'QuesSampleID' in <Schema: ['CreateTime', 'CreateUserID', 'DataCoverageTime', 'DataTeam', 'MinimumGeographicUnit', 'ProjectID', 'QSerialNumber', 'QuesDataChannel', 'QuesDataForm', 'QuesDataTown', 'QuesEndTime', 'QuesID', 'QuesKeywords', 'QuesObject', 'QuesPublic', 'QuesSourceDepartment', 'QuesSourceLink', 'QuesStartTime', 'QuesStatus', 'QuesSummary', 'QuesTitle', 'ResponseSituation', 'SamplePlan', 'WeightDescription', 'observationUnit', 'scaleScale']>]
[2018-03-27 14:18:11,550] - UpdateHandlers.py [Line:33] - [ERROR]-[thread:140132820702976]-[process:5745] - [No field named 'QuesSampleID' in <Schema: ['CreateTime', 'CreateUserID', 'DataCoverageTime', 'DataTeam', 'MinimumGeographicUnit', 'ProjectID', 'QSerialNumber', 'QuesDataChannel', 'QuesDataForm', 'QuesDataTown', 'QuesEndTime', 'QuesID', 'QuesKeywords', 'QuesObject', 'QuesPublic', 'QuesSourceDepartment', 'QuesSourceLink', 'QuesStartTime', 'QuesStatus', 'QuesSummary', 'QuesTitle', 'ResponseSituation', 'SamplePlan', 'WeightDescription', 'observationUnit', 'scaleScale']>]
[2018-03-27 14:20:58,067] - AddHandlers.py [Line:39] - [ERROR]-[thread:140133497677568]-[process:5743] - [No field named 'QuesSampleID' in <Schema: ['CreateTime', 'CreateUserID', 'DataCoverageTime', 'DataTeam', 'MinimumGeographicUnit', 'ProjectID', 'QSerialNumber', 'QuesDataChannel', 'QuesDataForm', 'QuesDataTown', 'QuesEndTime', 'QuesID', 'QuesKeywords', 'QuesObject', 'QuesPublic', 'QuesSourceDepartment', 'QuesSourceLink', 'QuesStartTime', 'QuesStatus', 'QuesSummary', 'QuesTitle', 'ResponseSituation', 'SamplePlan', 'WeightDescription', 'observationUnit', 'scaleScale']>]
[2018-03-27 14:46:15,752] - AddHandlers.py [Line:39] - [ERROR]-[thread:140133384922880]-[process:5745] - [No field named 'QuesSampleID' in <Schema: ['CreateTime', 'CreateUserID', 'DataCoverageTime', 'DataTeam', 'MinimumGeographicUnit', 'ProjectID', 'QSerialNumber', 'QuesDataChannel', 'QuesDataForm', 'QuesDataTown', 'QuesEndTime', 'QuesID', 'QuesKeywords', 'QuesObject', 'QuesPublic', 'QuesSourceDepartment', 'QuesSourceLink', 'QuesStartTime', 'QuesStatus', 'QuesSummary', 'QuesTitle', 'ResponseSituation', 'SamplePlan', 'WeightDescription', 'observationUnit', 'scaleScale']>]
[2018-03-27 15:39:47,418] - AddHandlers.py [Line:39] - [ERROR]-[thread:140133472237312]-[process:5744] - [No field named 'QuesSampleID' in <Schema: ['CreateTime', 'CreateUserID', 'DataCoverageTime', 'DataTeam', 'MinimumGeographicUnit', 'ProjectID', 'QSerialNumber', 'QuesDataChannel', 'QuesDataForm', 'QuesDataTown', 'QuesEndTime', 'QuesID', 'QuesKeywords', 'QuesObject', 'QuesPublic', 'QuesSourceDepartment', 'QuesSourceLink', 'QuesStartTime', 'QuesStatus', 'QuesSummary', 'QuesTitle', 'ResponseSituation', 'SamplePlan', 'WeightDescription', 'observationUnit', 'scaleScale']>]
